2026-04-24 18:02:33,572 INFO o.a.j.u.JMeterUtils: Setting Locale to en_EN
2026-04-24 18:02:33,599 INFO o.a.j.JMeter: Loading user properties from: C:\Users\Ryan Sihaloho\Downloads\apache-jmeter-5.6.3\apache-jmeter-5.6.3\bin\user.properties
2026-04-24 18:02:33,600 INFO o.a.j.JMeter: Loading system properties from: C:\Users\Ryan Sihaloho\Downloads\apache-jmeter-5.6.3\apache-jmeter-5.6.3\bin\system.properties
2026-04-24 18:02:33,608 INFO o.a.j.JMeter: Copyright (c) 1998-2024 The Apache Software Foundation
2026-04-24 18:02:33,608 INFO o.a.j.JMeter: Version 5.6.3
2026-04-24 18:02:33,608 INFO o.a.j.JMeter: java.version=17.0.18
2026-04-24 18:02:33,608 INFO o.a.j.JMeter: java.vm.name=OpenJDK 64-Bit Server VM
2026-04-24 18:02:33,608 INFO o.a.j.JMeter: os.name=Windows 11
2026-04-24 18:02:33,608 INFO o.a.j.JMeter: os.arch=amd64
2026-04-24 18:02:33,608 INFO o.a.j.JMeter: os.version=10.0
2026-04-24 18:02:33,608 INFO o.a.j.JMeter: file.encoding=Cp1252
2026-04-24 18:02:33,608 INFO o.a.j.JMeter: java.awt.headless=true
2026-04-24 18:02:33,608 INFO o.a.j.JMeter: Max memory     =1073741824
2026-04-24 18:02:33,608 INFO o.a.j.JMeter: Available Processors =12
2026-04-24 18:02:33,615 INFO o.a.j.JMeter: Default Locale=English (EN)
2026-04-24 18:02:33,615 INFO o.a.j.JMeter: JMeter  Locale=English (EN)
2026-04-24 18:02:33,615 INFO o.a.j.JMeter: JMeterHome=C:\Users\Ryan Sihaloho\Downloads\apache-jmeter-5.6.3\apache-jmeter-5.6.3
2026-04-24 18:02:33,615 INFO o.a.j.JMeter: user.dir  =D:\ADPRO\modultujuh\exercise-profiling
2026-04-24 18:02:33,615 INFO o.a.j.JMeter: PWD       =D:\ADPRO\modultujuh\exercise-profiling
2026-04-24 18:02:38,584 INFO o.a.j.JMeter: IP: 192.168.56.1 Name: LAPTOP-05F5QSD3 FullName: LAPTOP-05F5QSD3
2026-04-24 18:02:38,593 INFO o.a.j.s.FileServer: Default base='D:\ADPRO\modultujuh\exercise-profiling'
2026-04-24 18:02:38,594 INFO o.a.j.s.FileServer: Set new base='D:\ADPRO\modultujuh\exercise-profiling'
2026-04-24 18:02:38,742 INFO o.a.j.s.SaveService: Testplan (JMX) version: 2.2. Testlog (JTL) version: 2.2
2026-04-24 18:02:38,763 INFO o.a.j.s.SaveService: Using SaveService properties version 5.0
2026-04-24 18:02:38,766 INFO o.a.j.s.SaveService: Using SaveService properties file encoding UTF-8
2026-04-24 18:02:38,768 INFO o.a.j.s.SaveService: Loading file: test_plan_3.jmx
2026-04-24 18:02:38,805 INFO o.a.j.p.h.s.HTTPSamplerBase: Parser for text/html is org.apache.jmeter.protocol.http.parser.LagartoBasedHtmlParser
2026-04-24 18:02:38,805 INFO o.a.j.p.h.s.HTTPSamplerBase: Parser for application/xhtml+xml is org.apache.jmeter.protocol.http.parser.LagartoBasedHtmlParser
2026-04-24 18:02:38,805 INFO o.a.j.p.h.s.HTTPSamplerBase: Parser for application/xml is org.apache.jmeter.protocol.http.parser.LagartoBasedHtmlParser
2026-04-24 18:02:38,805 INFO o.a.j.p.h.s.HTTPSamplerBase: Parser for text/xml is org.apache.jmeter.protocol.http.parser.LagartoBasedHtmlParser
2026-04-24 18:02:38,805 INFO o.a.j.p.h.s.HTTPSamplerBase: Parser for text/vnd.wap.wml is org.apache.jmeter.protocol.http.parser.RegexpHTMLParser
2026-04-24 18:02:38,805 INFO o.a.j.p.h.s.HTTPSamplerBase: Parser for text/css is org.apache.jmeter.protocol.http.parser.CssParser
2026-04-24 18:02:38,824 INFO o.a.j.JMeter: Creating summariser <summary>
2026-04-24 18:02:38,834 INFO o.a.j.e.StandardJMeterEngine: Running the test!
2026-04-24 18:02:38,834 INFO o.a.j.s.SampleEvent: List of sample_variables: []
2026-04-24 18:02:38,835 INFO o.a.j.s.SampleEvent: List of sample_variables: []
2026-04-24 18:02:38,839 INFO o.a.j.e.u.CompoundVariable: Note: Function class names must contain the string: '.functions.'
2026-04-24 18:02:38,839 INFO o.a.j.e.u.CompoundVariable: Note: Function class names must not contain the string: '.gui.'
2026-04-24 18:02:38,900 INFO o.a.j.JMeter: Running test (1777028558900)
2026-04-24 18:02:38,912 INFO o.a.j.e.StandardJMeterEngine: Starting ThreadGroup: 1 : Thread Group 1
2026-04-24 18:02:38,912 INFO o.a.j.e.StandardJMeterEngine: Starting 10 threads for group Thread Group 1.
2026-04-24 18:02:38,912 INFO o.a.j.e.StandardJMeterEngine: Thread will continue on error
2026-04-24 18:02:38,912 INFO o.a.j.t.ThreadGroup: Starting thread group... number=1 threads=10 ramp-up=1 delayedStart=false
2026-04-24 18:02:38,918 INFO o.a.j.t.ThreadGroup: Started thread group number 1
2026-04-24 18:02:38,918 INFO o.a.j.e.StandardJMeterEngine: All thread groups have been started
2026-04-24 18:02:38,919 INFO o.a.j.t.JMeterThread: Thread started: Thread Group 1 1-1
2026-04-24 18:02:38,929 INFO o.a.j.p.h.s.HTTPHCAbstractImpl: Local host = LAPTOP-05F5QSD3
2026-04-24 18:02:38,933 INFO o.a.j.p.h.s.HTTPHC4Impl: HTTP request retry count = 0
2026-04-24 18:02:38,934 INFO o.a.j.s.SampleResult: Note: Sample TimeStamps are START times
2026-04-24 18:02:38,934 INFO o.a.j.s.SampleResult: sampleresult.default.encoding is set to UTF-8
2026-04-24 18:02:38,934 INFO o.a.j.s.SampleResult: sampleresult.useNanoTime=true
2026-04-24 18:02:38,934 INFO o.a.j.s.SampleResult: sampleresult.nanoThreadSleep=5000
2026-04-24 18:02:39,016 INFO o.a.j.t.JMeterThread: Thread started: Thread Group 1 1-2
2026-04-24 18:02:39,072 INFO o.a.j.t.JMeterThread: Thread is done: Thread Group 1 1-1
2026-04-24 18:02:39,072 INFO o.a.j.t.JMeterThread: Thread finished: Thread Group 1 1-1
2026-04-24 18:02:39,082 INFO o.a.j.t.JMeterThread: Thread is done: Thread Group 1 1-2
2026-04-24 18:02:39,082 INFO o.a.j.t.JMeterThread: Thread finished: Thread Group 1 1-2
2026-04-24 18:02:39,117 INFO o.a.j.t.JMeterThread: Thread started: Thread Group 1 1-3
2026-04-24 18:02:39,172 INFO o.a.j.t.JMeterThread: Thread is done: Thread Group 1 1-3
2026-04-24 18:02:39,172 INFO o.a.j.t.JMeterThread: Thread finished: Thread Group 1 1-3
2026-04-24 18:02:39,216 INFO o.a.j.t.JMeterThread: Thread started: Thread Group 1 1-4
2026-04-24 18:02:39,283 INFO o.a.j.t.JMeterThread: Thread is done: Thread Group 1 1-4
2026-04-24 18:02:39,283 INFO o.a.j.t.JMeterThread: Thread finished: Thread Group 1 1-4
2026-04-24 18:02:39,315 INFO o.a.j.t.JMeterThread: Thread started: Thread Group 1 1-5
2026-04-24 18:02:39,375 INFO o.a.j.t.JMeterThread: Thread is done: Thread Group 1 1-5
2026-04-24 18:02:39,375 INFO o.a.j.t.JMeterThread: Thread finished: Thread Group 1 1-5
2026-04-24 18:02:39,415 INFO o.a.j.t.JMeterThread: Thread started: Thread Group 1 1-6
2026-04-24 18:02:39,474 INFO o.a.j.t.JMeterThread: Thread is done: Thread Group 1 1-6
2026-04-24 18:02:39,474 INFO o.a.j.t.JMeterThread: Thread finished: Thread Group 1 1-6
2026-04-24 18:02:39,516 INFO o.a.j.t.JMeterThread: Thread started: Thread Group 1 1-7
2026-04-24 18:02:39,574 INFO o.a.j.t.JMeterThread: Thread is done: Thread Group 1 1-7
2026-04-24 18:02:39,574 INFO o.a.j.t.JMeterThread: Thread finished: Thread Group 1 1-7
2026-04-24 18:02:39,615 INFO o.a.j.t.JMeterThread: Thread started: Thread Group 1 1-8
2026-04-24 18:02:39,678 INFO o.a.j.t.JMeterThread: Thread is done: Thread Group 1 1-8
2026-04-24 18:02:39,678 INFO o.a.j.t.JMeterThread: Thread finished: Thread Group 1 1-8
2026-04-24 18:02:39,714 INFO o.a.j.t.JMeterThread: Thread started: Thread Group 1 1-9
2026-04-24 18:02:39,778 INFO o.a.j.t.JMeterThread: Thread is done: Thread Group 1 1-9
2026-04-24 18:02:39,778 INFO o.a.j.t.JMeterThread: Thread finished: Thread Group 1 1-9
2026-04-24 18:02:39,815 INFO o.a.j.t.JMeterThread: Thread started: Thread Group 1 1-10
2026-04-24 18:02:39,872 INFO o.a.j.t.JMeterThread: Thread is done: Thread Group 1 1-10
2026-04-24 18:02:39,874 INFO o.a.j.t.JMeterThread: Thread finished: Thread Group 1 1-10
2026-04-24 18:02:39,874 INFO o.a.j.e.StandardJMeterEngine: Notifying test listeners of end of test
2026-04-24 18:02:39,876 INFO o.a.j.r.Summariser: summary =     10 in 00:00:01 =   10.3/s Avg:    61 Min:    55 Max:    85 Err:     0 (0.00%)
